===============================================================================
 Job Information
===============================================================================
job name:    
inputs file: inputs_3d_6.0cm.hi_dens
  
number of MPI processes   1024
number of threads           16
  
CPU time used since start of simulation (CPU-hours)      17.09196615    
  
  
===============================================================================
 Plotfile Information
===============================================================================
output date:              2015-07-15
output time:              09:13:09
output dir:               /lustre/atlas1/ast106/scratch/zingale/xrb-scaling-new/512_48_OMP16-PE16
time to write plotfile (s)     0.000000000    
  
  
===============================================================================
 Build Information
===============================================================================
build date:    2015-07-14 15:16:09.312955
build machine: Linux titan-ext5 3.0.101-0.46-default #1 SMP Wed Dec 17 11:04:10 UTC 2014 (8356111) x86_64 x86_64 x86_64 GNU/Linux
build dir:     /autofs/nccs-svm1_home1/zingale/MAESTRO/Exec/SCIENCE/xrb_mixed
BoxLib dir:    /ccs/home/zingale/BoxLib
  
MAESTRO      git hash: 8baf78cb2b8907e6a76093be29f0075a785c4cc6
BoxLib       git hash: d057f983f778cf6e27ee7766bfdca0fee85a2d7d
AstroDev     git hash: 126cdfc4baa552b9cb2f18d90cf02c54440c88b9
Microphysics git hash: 
  
modules used:   
  Util/model_parser
  Util/VODE
  Util/LINPACK
  Util/BLAS
  Source
  ../../../Microphysics/EOS
  ../../../Microphysics/screening
  ../../../Microphysics/EOS/helmeos
  ../../../Microphysics/networks/rprox
  ../../../Microphysics/conductivity/timmes_stellar
  
FCOMP:            Cray
FCOMP version:    Cray Fortran : Version 8.3.9  Tue Jul 14, 2015  15:16:08
  
F90 compile line: ftn  -J t/Linux.Cray.mpi.omp/m -I t/Linux.Cray.mpi.omp/m -em -O 1 -h noacc  -I../../../Microphysics/EOS/helmeos  -c
  
F77 compile line: ftn   -J t/Linux.Cray.mpi.omp/m -I t/Linux.Cray.mpi.omp/m -em -O 1 -h noacc  -I../../../Microphysics/EOS/helmeos  -c
  
C compile line:   cc   -O 1 -h nopragma=acc -DBL_Linux -DBL_FORT_USE_UNDERSCORE   -c
  
linker line:      ftn  -J t/Linux.Cray.mpi.omp/m -I t/Linux.Cray.mpi.omp/m -em -O 1 -h noacc  -I../../../Microphysics/EOS/helmeos
  
  
===============================================================================
 Grid Information
===============================================================================
 level:  1
    number of boxes =  1024
    maximum zones   =  2*384,  768
  
 Boundary Conditions
   -x: periodic            
   +x: periodic            
  
   -y: periodic            
   +y: periodic            
  
   -z: slip wall           
   +z: outlet              
  
  
===============================================================================
 Species Information
===============================================================================
index                 name           short name        A        Z
-------------------------------------------------------------------------------
    1     carbon-12                       C12      12.00     6.00
    2     oxygen-14                       O14      14.00     8.00
    3     oxygen-15                       O15      15.00     8.00
    4     oxygen-16                       O16      16.00     8.00
    5     flourine-17                     F17      17.00     9.00
    6     magnesium-22                    Mg22     22.00    12.00
    7     sulfur-30                       S30      30.00    16.00
    8     nickel-56                       Ni56     56.00    28.00
    9     helium-4                        He4       4.00     2.00
   10     hydrogen-1                      H1        1.00     1.00
  
  
===============================================================================
 MG Tolerance Information
===============================================================================
   eps_mac:           1.00000000000000004E-10
   eps_mac_max:       1.00000000000000002E-8
   mac_level_factor:  10.
   eps_mac_bottom:    1.00000000000000002E-3
  
   eps_hg:            9.99999999999999939E-12
   eps_hg_max:        1.00000000000000004E-10
   hg_level_factor:   10.
   eps_hg_bottom:     1.00000000000000005E-4
  
  
===============================================================================
 Initialization Logs/Warnings
===============================================================================
 initial model read...
 
 model file mapping, level:        1
 dr of MAESTRO base state =                                 6.000000000
 dr of input file data =                                    6.000000000
 
 maximum radius (cell-centered) of input model =            4605.000000
 
 Maximum HSE Error =     0.1848070589E-07
    (after putting initial model into base state arrays, and
     for density < base_cutoff_density)
 
 physical cutoff densities:
     low density cutoff (for mapping the model) =           1000.000000
     buoyancy cutoff density
         (for zeroing rho - rho_0, centrifugal term) =      5000.000000
     anelastic cutoff =                                     1000.000000
     sponge start density =                                 25000.00000
 
 thermodynamics cutoffs:
     EOS temperature floor =                                5000000.000
     EOS density floor =                                   0.1000000000E-04
 
 WARNING: minimum model density is lower than one of the cutoff densities
          make sure that the cutoff densities are lower than any density
          of dynamical interest
 
===============================================================================
 Runtime Parameter Information
===============================================================================
 [*] indicates overridden default
 [*]                   xrb_pert_factor =     0.1000000000E-04
                         xrb_pert_size =      50.00000000    
                         xrb_pert_type =          1
 [*]                   xrb_pert_height =      1475.000000    
                 xrb_use_bottom_sponge =  F
                            sponge_min =     0.1000000000E-01
                     diag_define_layer =     0.1000000015    
 [*]                   apply_vel_field =  T
                         velpert_scale =      100.0000000    
 [*]                 velpert_amplitude =      100000.0000    
 [*]                velpert_height_loc =      1460.000000    
                         velpert_steep =      12.00000000    
                          num_vortices =          1
                        do_deltap_diag =  F
                            tag_minval =     0.1000000000E-03
                            tag_maxval =     0.9900000000    
                              tag_xfac =     0.1000000000E-15
                       do_dens_tagging =  F
                           lo_dens_tag =      540000.0000    
                           hi_dens_tag =      1750000.000    
                      dens_tag_lev_fac =      1.000000000    
 [*]                           verbose =          1
                the_knapsack_verbosity =  F
                              job_name = 
                        barrier_timers =  F
 [*]                        model_file = toy_xrb.hi_dens.hse.tanh.delta_12.000cm.dx_6.000cm.CNO
 [*]                     perturb_model =  T
                   print_init_hse_diag =  F
 [*]                         stop_time =      2.500000000    
 [*]                          max_step =        100
 [*]                            cflfac =     0.8000000000    
 [*]                       init_shrink =     0.1000000000    
                              small_dt =     0.1000000000E-09
                         max_dt_growth =      1.100000000    
                                max_dt =     0.1000000000E+34
                              fixed_dt =     -1.000000000    
                        nuclear_dt_fac =     -1.000000000    
                use_soundspeed_firstdt =  F
                      use_divu_firstdt =  F
                             prob_lo_x =      0.000000000    
                             prob_lo_y =      0.000000000    
                             prob_lo_z =      0.000000000    
 [*]                         prob_hi_x =      2304.000000    
 [*]                         prob_hi_y =      2304.000000    
 [*]                         prob_hi_z =      4608.000000    
 [*]                          test_set = grd_3d_xrb_wide.48
 [*]                            bcx_lo =         -1
 [*]                            bcx_hi =         -1
 [*]                            bcy_lo =         -1
 [*]                            bcy_hi =         -1
                                bcz_lo =         14
 [*]                            bcz_hi =         12
                     xlo_boundary_type = 
                     xhi_boundary_type = 
                     ylo_boundary_type = 
                     yhi_boundary_type = 
                     zlo_boundary_type = 
                     zhi_boundary_type = 
                          spherical_in =          0
                                octant =  F
                   do_2d_planar_octant =          0
 [*]                             dm_in =          3
                              max_levs =          1
                         max_grid_size =         64
 [*]                   max_grid_size_1 =         64
 [*]                   max_grid_size_2 =         64
 [*]                   max_grid_size_3 =         64
                change_max_grid_size_1 =  F
                            regrid_int =         -1
                         amr_buf_width =         -1
                             ref_ratio =          2
                               n_cellx =         -1
                               n_celly =         -1
                               n_cellz =         -1
                               drdxfac =          1
                     the_sfc_threshold =          5
                  the_layout_verbosity =          0
                the_ml_layout_strategy =          0
                    the_copy_cache_max =        128
                              minwidth =          8
                       blocking_factor =          8
                               min_eff =     0.9000000000    
                        dump_grid_file =  F
                  use_tpert_in_tagging =  F
 [*]                          plot_int =         -1
 [*]                       plot_deltat =     0.1000000000E-03
 [*]                           chk_int =       2500
                plot_h_with_use_tfromp =  T
                             plot_spec =  T
                         plot_omegadot =  T
                             plot_Hext =  F
                             plot_Hnuc =  T
                              plot_eta =  F
                             plot_trac =  F
                             plot_base =  F
                              plot_gpi =  T
 [*]                           plot_cs =  T
                        plot_base_name = plt
                       check_base_name = chk
                             nOutFiles =         64
                          lUsingNFiles =  T
 [*]             single_prec_plotfiles =  T
                         diag_buf_size =         10
 [*]                    plot_ad_excess =  T
                       plot_processors =  F
                           plot_pidivu =  F
 [*]                         init_iter =          3
 [*]                    init_divu_iter =          3
                               restart =         -1
                    restart_into_finer =  F
                 do_initial_projection =  T
                            mg_verbose =          0
                            cg_verbose =          0
                         mg_cycle_type =          3
                         hg_cycle_type =          3
 [*]                  hg_bottom_solver =          4
 [*]                  mg_bottom_solver =          4
 [*]             max_mg_bottom_nlevels =          4
                          mg_bottom_nu =         10
                               mg_nu_1 =          2
                               mg_nu_2 =          2
                      hg_dense_stencil =  T
                             use_hypre =  F
 [*]                         do_sponge =  T
                          sponge_kappa =      10.00000000    
                 sponge_center_density =      3000000.000    
 [*]               sponge_start_factor =      25.00000000    
                     plot_sponge_fdamp =  F
 [*]                  anelastic_cutoff =      1000.000000    
 [*]               base_cutoff_density =      1000.000000    
                buoyancy_cutoff_factor =      5.000000000    
                           dpdt_factor =      0.000000000    
                  do_planar_invsq_grav =  F
                     planar_invsq_mass =      0.000000000    
                     evolve_base_state =  T
                        fix_base_state =  F
                         do_smallscale =  F
                 do_eos_h_above_cutoff =  T
 [*]                enthalpy_pred_type =          4
 [*]                 species_pred_type =          3
                 use_delta_gamma1_term =  F
                            use_etarho =  T
                           slope_order =          4
 [*]                        grav_const =    -0.2450000000E+15
                              ppm_type =          1
                              bds_type =          0
                      ppm_trace_forces =          0
                            beta0_type =          1
              use_linear_grav_in_beta0 =  F
                  rotational_frequency =      0.000000000    
                           co_latitude =      0.000000000    
                       rotation_radius =      1000000.000    
                        mach_max_abort =     -1.000000000    
              drive_initial_convection =  F
               stop_initial_convection =         -1
                restart_with_vel_field =  F
                    use_alt_energy_fix =  T
                 use_thermal_diffusion =  F
            temp_diffusion_formulation =          2
                thermal_diffusion_type =          1
                 conductivity_constant =      1.000000000    
 [*]                limit_conductivity =  T
                            do_burning =  T
 [*]          burner_threshold_species = H1
               burner_threshold_cutoff =     0.1000000000E-09
                    do_subgrid_burning =  F
                      reaction_sum_tol =     0.1000000000E-09
                            small_temp =      5000000.000    
                            small_dens =     0.1000000000E-04
                            use_tfromp =  F
                use_eos_e_instead_of_h =  F
                  use_pprime_in_tfromp =  F
                        s0_interp_type =          3
                        w0_interp_type =          2
                     s0mac_interp_type =          1
                     w0mac_interp_type =          1
                         use_particles =  F
                   store_particle_vels =  F
                            do_heating =  F
                             sdc_iters =          1
               sdc_couple_mac_velocity =  F
                       use_eos_coulomb =  T
  
 Restart information: 
